<?xml version="1.0" encoding="utf-8"?>
<assemblies timestamp="10/06/2019 19:17:33">
  <assembly name="C:\Users\thegu\source\repos\HomeAutomation\AutomationUnitTests\bin\Debug\netcoreapp3.0\AutomationUnitTests.dll" run-date="2019-10-06" run-time="19:17:33" total="17" passed="17" failed="0" skipped="0" time="0.704" errors="0">
    <errors />
    <collection total="4" passed="4" failed="0" skipped="0" name="Test collection for BecauseImClever.AutomationUnitTests.Controller.RoomsControllerTest" time="0.206">
      <test name="BecauseImClever.AutomationUnitTests.Controller.RoomsControllerTest.GetAllAsyncReturnsCollection" type="BecauseImClever.AutomationUnitTests.Controller.RoomsControllerTest" method="GetAllAsyncReturnsCollection" time="0.1352153" result="Pass">
        <traits />
      </test>
      <test name="BecauseImClever.AutomationUnitTests.Controller.RoomsControllerTest.CreateRoomController" type="BecauseImClever.AutomationUnitTests.Controller.RoomsControllerTest" method="CreateRoomController" time="0.0539560" result="Pass">
        <traits />
      </test>
      <test name="BecauseImClever.AutomationUnitTests.Controller.RoomsControllerTest.CreateAsyncReturnsRoom" type="BecauseImClever.AutomationUnitTests.Controller.RoomsControllerTest" method="CreateAsyncReturnsRoom" time="0.0152499" result="Pass">
        <traits />
      </test>
      <test name="BecauseImClever.AutomationUnitTests.Controller.RoomsControllerTest.CreateRoomControllerThrowsArgumentNullException" type="BecauseImClever.AutomationUnitTests.Controller.RoomsControllerTest" method="CreateRoomControllerThrowsArgumentNullException" time="0.0010793" result="Pass">
        <traits />
      </test>
    </collection>
    <collection total="7" passed="7" failed="0" skipped="0" name="Test collection for BecauseImClever.AutomationUnitTests.Repository.RoomRepositoryTest" time="0.279">
      <test name="BecauseImClever.AutomationUnitTests.Repository.RoomRepositoryTest.GetAllReturnsList" type="BecauseImClever.AutomationUnitTests.Repository.RoomRepositoryTest" method="GetAllReturnsList" time="0.2341533" result="Pass">
        <traits />
      </test>
      <test name="BecauseImClever.AutomationUnitTests.Repository.RoomRepositoryTest.DeleteReturnsTrue" type="BecauseImClever.AutomationUnitTests.Repository.RoomRepositoryTest" method="DeleteReturnsTrue" time="0.0205447" result="Pass">
        <traits />
      </test>
      <test name="BecauseImClever.AutomationUnitTests.Repository.RoomRepositoryTest.GetByIdReturnsOne" type="BecauseImClever.AutomationUnitTests.Repository.RoomRepositoryTest" method="GetByIdReturnsOne" time="0.0096188" result="Pass">
        <traits />
      </test>
      <test name="BecauseImClever.AutomationUnitTests.Repository.RoomRepositoryTest.ConstructorThrowsNullArgumentException" type="BecauseImClever.AutomationUnitTests.Repository.RoomRepositoryTest" method="ConstructorThrowsNullArgumentException" time="0.0004673" result="Pass">
        <traits />
      </test>
      <test name="BecauseImClever.AutomationUnitTests.Repository.RoomRepositoryTest.CreateRoomReturnsRoom" type="BecauseImClever.AutomationUnitTests.Repository.RoomRepositoryTest" method="CreateRoomReturnsRoom" time="0.0028941" result="Pass">
        <traits />
      </test>
      <test name="BecauseImClever.AutomationUnitTests.Repository.RoomRepositoryTest.UpdateAsyncReturnsTrue" type="BecauseImClever.AutomationUnitTests.Repository.RoomRepositoryTest" method="UpdateAsyncReturnsTrue" time="0.0107218" result="Pass">
        <traits />
      </test>
      <test name="BecauseImClever.AutomationUnitTests.Repository.RoomRepositoryTest.CreateRoomRepository" type="BecauseImClever.AutomationUnitTests.Repository.RoomRepositoryTest" method="CreateRoomRepository" time="0.0008772" result="Pass">
        <traits />
      </test>
    </collection>
    <collection total="6" passed="6" failed="0" skipped="0" name="Test collection for BecauseImClever.AutomationUnitTests.Service.RoomsServiceTest" time="0.219">
      <test name="BecauseImClever.AutomationUnitTests.Service.RoomsServiceTest.GetByIdReturnsRoom" type="BecauseImClever.AutomationUnitTests.Service.RoomsServiceTest" method="GetByIdReturnsRoom" time="0.1381228" result="Pass">
        <traits />
      </test>
      <test name="BecauseImClever.AutomationUnitTests.Service.RoomsServiceTest.CreateRoomReturnsRoom" type="BecauseImClever.AutomationUnitTests.Service.RoomsServiceTest" method="CreateRoomReturnsRoom" time="0.0569601" result="Pass">
        <traits />
      </test>
      <test name="BecauseImClever.AutomationUnitTests.Service.RoomsServiceTest.UpdateReturnsTrue" type="BecauseImClever.AutomationUnitTests.Service.RoomsServiceTest" method="UpdateReturnsTrue" time="0.0111335" result="Pass">
        <traits />
      </test>
      <test name="BecauseImClever.AutomationUnitTests.Service.RoomsServiceTest.GetAllReturnsListOfRooms" type="BecauseImClever.AutomationUnitTests.Service.RoomsServiceTest" method="GetAllReturnsListOfRooms" time="0.0101122" result="Pass">
        <traits />
      </test>
      <test name="BecauseImClever.AutomationUnitTests.Service.RoomsServiceTest.DeleteReturnsTrue" type="BecauseImClever.AutomationUnitTests.Service.RoomsServiceTest" method="DeleteReturnsTrue" time="0.0021926" result="Pass">
        <traits />
      </test>
      <test name="BecauseImClever.AutomationUnitTests.Service.RoomsServiceTest.ConstuctorThrowArgumentNullException" type="BecauseImClever.AutomationUnitTests.Service.RoomsServiceTest" method="ConstuctorThrowArgumentNullException" time="0.0007388" result="Pass">
        <traits />
      </test>
    </collection>
  </assembly>
</assemblies>